Using pre-set license
Built from '2020.3/staging' branch; Version is '2020.3.4f1 (0abb6314276a) revision 703331'; Using compiler version '192528614'; Build Type 'Release'
OS: 'Windows 10 Pro; OS build 19042.985; Version 2009; 64bit' Language: 'pt' Physical Memory: 12270 MB
BatchMode: 1, IsHumanControllingUs: 0, StartBugReporterOnCrash: 0, Is64bit: 1, IsPro: 0

 COMMAND LINE ARGUMENTS:
C:\Program Files\Unity\Hub\Editor\2020.3.4f1\Editor\Unity.exe
-adb2
-batchMode
-noUpm
-name
AssetImportWorker0
-projectPath
C:/GameDev/Projetos/TacticsLegendsMobile/Unity/Tactics
-logFile
Logs/AssetImportWorker0.log
-srvPort
55814
Successfully changed project path to: C:/GameDev/Projetos/TacticsLegendsMobile/Unity/Tactics
C:/GameDev/Projetos/TacticsLegendsMobile/Unity/Tactics
Using Asset Import Pipeline V2.
Refreshing native plugins compatible for Editor in 71.47 ms, found 0 plugins.
Preloading 0 native plugins for Editor in 0.00 ms.
Initialize engine version: 2020.3.4f1 (0abb6314276a)
[Subsystems] Discovering subsystems at path C:/Program Files/Unity/Hub/Editor/2020.3.4f1/Editor/Data/Resources/UnitySubsystems
[Subsystems] Discovering subsystems at path C:/GameDev/Projetos/TacticsLegendsMobile/Unity/Tactics/Assets
GfxDevice: creating device client; threaded=0
Direct3D:
    Version:  Direct3D 11.0 [level 11.1]
    Renderer: NVIDIA GeForce GT 1030 (ID=0x1d01)
    Vendor:   
    VRAM:     1982 MB
    Driver:   27.21.14.5671
Initialize mono
Mono path[0] = 'C:/Program Files/Unity/Hub/Editor/2020.3.4f1/Editor/Data/Managed'
Mono path[1] = 'C:/Program Files/Unity/Hub/Editor/2020.3.4f1/Editor/Data/MonoBleedingEdge/lib/mono/unityjit'
Mono config path = 'C:/Program Files/Unity/Hub/Editor/2020.3.4f1/Editor/Data/MonoBleedingEdge/etc'
Using monoOptions --debugger-agent=transport=dt_socket,embedding=1,server=y,suspend=n,address=127.0.0.1:56440
Begin MonoManager ReloadAssembly
Registering precompiled unity dll's ...
Register platform support module: C:/Program Files/Unity/Hub/Editor/2020.3.4f1/Editor/Data/PlaybackEngines/WindowsStandaloneSupport/UnityEditor.WindowsStandalone.Extensions.dll
Registered in 0.004322 seconds.
Native extension for WindowsStandalone target not found
Refreshing native plugins compatible for Editor in 55.28 ms, found 0 plugins.
Preloading 0 native plugins for Editor in 0.00 ms.
Mono: successfully reloaded assembly
- Completed reload, in  4.244 seconds
Platform modules already initialized, skipping
Registering precompiled user dll's ...
Registered in 0.001342 seconds.
Begin MonoManager ReloadAssembly
Native extension for WindowsStandalone target not found
Refreshing native plugins compatible for Editor in 0.45 ms, found 0 plugins.
Preloading 0 native plugins for Editor in 0.00 ms.
Mono: successfully reloaded assembly
- Completed reload, in  1.582 seconds
Platform modules already initialized, skipping
========================================================================
Worker process is ready to serve import requests
Launched and connected shader compiler UnityShaderCompiler.exe after 0.14 seconds
Refreshing native plugins compatible for Editor in 0.43 ms, found 0 plugins.
Preloading 0 native plugins for Editor in 0.00 ms.
Unloading 1204 Unused Serialized files (Serialized files now loaded: 0)
System memory in use before: 60.7 MB.
System memory in use after: 60.8 MB.

Unloading 10 unused Assets to reduce memory usage. Loaded Objects now: 1647.
Total: 3.119000 ms (FindLiveObjects: 0.300300 ms CreateObjectMapping: 0.081700 ms MarkObjects: 2.619700 ms  DeleteObjects: 0.115900 ms)

========================================================================
Received Import Request.
  path: Assets/Models/Weapons/Wep082.fbx
  artifactKey: Guid(8811993785853c8478b033cf51b8a34c) Importer(815301076,1909f56bfc062723c751e8b465ee728b)
Start importing Assets/Models/Weapons/Wep082.fbx using Guid(8811993785853c8478b033cf51b8a34c) Importer(815301076,1909f56bfc062723c751e8b465ee728b)  -> (artifact id: '57ad6a4cbcc6a6153e00b9c044010984') in 1.135062 seconds
  Import took 1.138270 seconds .

========================================================================
Received Import Request.
  Time since last request: 17.121964 seconds.
  path: Assets/Models/Weapons/Wep082.fbx
  artifactKey: Guid(8811993785853c8478b033cf51b8a34c) Importer(815301076,1909f56bfc062723c751e8b465ee728b)
Start importing Assets/Models/Weapons/Wep082.fbx using Guid(8811993785853c8478b033cf51b8a34c) Importer(815301076,1909f56bfc062723c751e8b465ee728b)  -> (artifact id: '55cc622b3b5bd0f2d037f17d0e37f092') in 0.125111 seconds
  Import took 0.129180 seconds .

========================================================================
Received Import Request.
  Time since last request: 3.198229 seconds.
  path: Assets/Models/Weapons/Wep082.fbx
  artifactKey: Guid(8811993785853c8478b033cf51b8a34c) Importer(815301076,1909f56bfc062723c751e8b465ee728b)
Start importing Assets/Models/Weapons/Wep082.fbx using Guid(8811993785853c8478b033cf51b8a34c) Importer(815301076,1909f56bfc062723c751e8b465ee728b)  -> (artifact id: '5edf1a56ecb2d365eda4c4d94de54876') in 0.106399 seconds
  Import took 0.112178 seconds .

========================================================================
Received Import Request.
  Time since last request: 9.806009 seconds.
  path: Assets/Models/Weapons/Wep082.fbx
  artifactKey: Guid(8811993785853c8478b033cf51b8a34c) Importer(815301076,1909f56bfc062723c751e8b465ee728b)
Start importing Assets/Models/Weapons/Wep082.fbx using Guid(8811993785853c8478b033cf51b8a34c) Importer(815301076,1909f56bfc062723c751e8b465ee728b)  -> (artifact id: '4e24c827b393005075ec1a4875fc43aa') in 0.072874 seconds
  Import took 0.077246 seconds .

========================================================================
Received Import Request.
  Time since last request: 11.002603 seconds.
  path: Assets/Models/Weapons/Wep081.fbx
  artifactKey: Guid(eba4bd656e9ee5f438822ffbd249fc16) Importer(815301076,1909f56bfc062723c751e8b465ee728b)
Start importing Assets/Models/Weapons/Wep081.fbx using Guid(eba4bd656e9ee5f438822ffbd249fc16) Importer(815301076,1909f56bfc062723c751e8b465ee728b)  -> (artifact id: '04be6c3d1419cffafde390b609206e3a') in 0.075395 seconds
  Import took 0.091144 seconds .

========================================================================
Received Import Request.
  Time since last request: 0.001107 seconds.
  path: Assets/Models/Weapons/Wep081.fbx
  artifactKey: Guid(eba4bd656e9ee5f438822ffbd249fc16) Importer(815301076,1909f56bfc062723c751e8b465ee728b)
Start importing Assets/Models/Weapons/Wep081.fbx using Guid(eba4bd656e9ee5f438822ffbd249fc16) Importer(815301076,1909f56bfc062723c751e8b465ee728b)  -> (artifact id: '04be6c3d1419cffafde390b609206e3a') in 0.050581 seconds
  Import took 0.054715 seconds .

========================================================================
Received Import Request.
  Time since last request: 11.595989 seconds.
  path: Assets/Models/Weapons/Wep082.fbx
  artifactKey: Guid(8811993785853c8478b033cf51b8a34c) Importer(815301076,1909f56bfc062723c751e8b465ee728b)
Start importing Assets/Models/Weapons/Wep082.fbx using Guid(8811993785853c8478b033cf51b8a34c) Importer(815301076,1909f56bfc062723c751e8b465ee728b)  -> (artifact id: 'ec13ddcb01b3c718fce2e4816a3ff904') in 0.088880 seconds
  Import took 0.097009 seconds .

========================================================================
Received Prepare
Registering precompiled user dll's ...
Registered in 0.001868 seconds.
Begin MonoManager ReloadAssembly
Native extension for WindowsStandalone target not found
Refreshing native plugins compatible for Editor in 0.45 ms, found 0 plugins.
Preloading 0 native plugins for Editor in 0.00 ms.
Mono: successfully reloaded assembly
- Completed reload, in  1.597 seconds
Platform modules already initialized, skipping
Switching build target platform(5) subTarget(0) extendedPlatform(0) -> platform(13) subTarget(537395200) extendedPlatform(0)
Refreshing native plugins compatible for Editor in 0.49 ms, found 0 plugins.
Preloading 0 native plugins for Editor in 0.00 ms.
Unloading 1201 Unused Serialized files (Serialized files now loaded: 0)
System memory in use before: 77.4 MB.
System memory in use after: 77.5 MB.

Unloading 6 unused Assets to reduce memory usage. Loaded Objects now: 1694.
Total: 2.569400 ms (FindLiveObjects: 0.329300 ms CreateObjectMapping: 0.081000 ms MarkObjects: 2.083200 ms  DeleteObjects: 0.073800 ms)

AssetImportParameters requested are different than current active one (requested -> active):
  custom:graphics/normal-map-encoding: 01000000000000000000000000000000 -> 02000000000000000000000000000000
========================================================================
Received Prepare
Registering precompiled user dll's ...
Registered in 0.001711 seconds.
Begin MonoManager ReloadAssembly
Native extension for WindowsStandalone target not found
Refreshing native plugins compatible for Editor in 0.58 ms, found 0 plugins.
Preloading 0 native plugins for Editor in 0.00 ms.
Mono: successfully reloaded assembly
- Completed reload, in  1.695 seconds
Platform modules already initialized, skipping
Switching build target platform(5) subTarget(0) extendedPlatform(0) -> platform(13) subTarget(537395200) extendedPlatform(0)
Refreshing native plugins compatible for Editor in 0.40 ms, found 0 plugins.
Preloading 0 native plugins for Editor in 0.00 ms.
Unloading 1201 Unused Serialized files (Serialized files now loaded: 0)
System memory in use before: 77.5 MB.
System memory in use after: 77.5 MB.

Unloading 5 unused Assets to reduce memory usage. Loaded Objects now: 1697.
Total: 2.230500 ms (FindLiveObjects: 0.288900 ms CreateObjectMapping: 0.070100 ms MarkObjects: 1.790800 ms  DeleteObjects: 0.078900 ms)

AssetImportParameters requested are different than current active one (requested -> active):
  custom:graphics/normal-map-encoding: 01000000000000000000000000000000 -> 02000000000000000000000000000000
========================================================================
Received Import Request.
  Time since last request: 240.658780 seconds.
  path: Assets/Resources/Weapons/Wep082.prefab
  artifactKey: Guid(e5025e0af2d5886438f739f5908df229) Importer(815301076,1909f56bfc062723c751e8b465ee728b)
Start importing Assets/Resources/Weapons/Wep082.prefab using Guid(e5025e0af2d5886438f739f5908df229) Importer(815301076,1909f56bfc062723c751e8b465ee728b)  -> (artifact id: '5de89122fa3fb35f06627c82cfaa2284') in 0.118524 seconds
  Import took 0.121924 seconds .

========================================================================
Received Prepare
Registering precompiled user dll's ...
Registered in 0.001780 seconds.
Begin MonoManager ReloadAssembly
Native extension for WindowsStandalone target not found
Refreshing native plugins compatible for Editor in 0.45 ms, found 0 plugins.
Preloading 0 native plugins for Editor in 0.00 ms.
Mono: successfully reloaded assembly
- Completed reload, in  1.670 seconds
Platform modules already initialized, skipping
Switching build target platform(5) subTarget(0) extendedPlatform(0) -> platform(13) subTarget(537395200) extendedPlatform(0)
Refreshing native plugins compatible for Editor in 0.47 ms, found 0 plugins.
Preloading 0 native plugins for Editor in 0.00 ms.
Unloading 1201 Unused Serialized files (Serialized files now loaded: 0)
System memory in use before: 77.5 MB.
System memory in use after: 77.6 MB.

Unloading 5 unused Assets to reduce memory usage. Loaded Objects now: 1701.
Total: 2.817200 ms (FindLiveObjects: 0.310300 ms CreateObjectMapping: 0.081900 ms MarkObjects: 2.353500 ms  DeleteObjects: 0.069700 ms)

AssetImportParameters requested are different than current active one (requested -> active):
  custom:graphics/normal-map-encoding: 01000000000000000000000000000000 -> 02000000000000000000000000000000
========================================================================
Received Import Request.
  Time since last request: 183.230972 seconds.
  path: Assets/Models/Weapons/Wep082.fbx
  artifactKey: Guid(8811993785853c8478b033cf51b8a34c) Importer(815301076,1909f56bfc062723c751e8b465ee728b)
Start importing Assets/Models/Weapons/Wep082.fbx using Guid(8811993785853c8478b033cf51b8a34c) Importer(815301076,1909f56bfc062723c751e8b465ee728b)  -> (artifact id: '39c61bbb7eaee0c805d2f3ef96519a85') in 0.195973 seconds
  Import took 0.210471 seconds .

========================================================================
Received Prepare
Registering precompiled user dll's ...
Registered in 0.001753 seconds.
Begin MonoManager ReloadAssembly
Native extension for WindowsStandalone target not found
Refreshing native plugins compatible for Editor in 0.45 ms, found 0 plugins.
Preloading 0 native plugins for Editor in 0.00 ms.
Mono: successfully reloaded assembly
- Completed reload, in  1.807 seconds
Platform modules already initialized, skipping
Switching build target platform(5) subTarget(0) extendedPlatform(0) -> platform(13) subTarget(537395200) extendedPlatform(0)
Refreshing native plugins compatible for Editor in 0.41 ms, found 0 plugins.
Preloading 0 native plugins for Editor in 0.00 ms.
Unloading 1201 Unused Serialized files (Serialized files now loaded: 0)
System memory in use before: 77.5 MB.
System memory in use after: 77.6 MB.

Unloading 6 unused Assets to reduce memory usage. Loaded Objects now: 1705.
Total: 2.325500 ms (FindLiveObjects: 0.282300 ms CreateObjectMapping: 0.070600 ms MarkObjects: 1.896900 ms  DeleteObjects: 0.074200 ms)

AssetImportParameters requested are different than current active one (requested -> active):
  custom:graphics/normal-map-encoding: 01000000000000000000000000000000 -> 02000000000000000000000000000000
========================================================================
Received Prepare
Registering precompiled user dll's ...
Registered in 0.001691 seconds.
Begin MonoManager ReloadAssembly
Native extension for WindowsStandalone target not found
Refreshing native plugins compatible for Editor in 0.48 ms, found 0 plugins.
Preloading 0 native plugins for Editor in 0.00 ms.
Mono: successfully reloaded assembly
- Completed reload, in  1.793 seconds
Platform modules already initialized, skipping
Switching build target platform(5) subTarget(0) extendedPlatform(0) -> platform(13) subTarget(537395200) extendedPlatform(0)
Refreshing native plugins compatible for Editor in 0.44 ms, found 0 plugins.
Preloading 0 native plugins for Editor in 0.00 ms.
Unloading 1201 Unused Serialized files (Serialized files now loaded: 0)
System memory in use before: 77.5 MB.
System memory in use after: 77.6 MB.

Unloading 5 unused Assets to reduce memory usage. Loaded Objects now: 1708.
Total: 2.574800 ms (FindLiveObjects: 0.332800 ms CreateObjectMapping: 0.085000 ms MarkObjects: 2.067600 ms  DeleteObjects: 0.087000 ms)

AssetImportParameters requested are different than current active one (requested -> active):
  custom:graphics/normal-map-encoding: 01000000000000000000000000000000 -> 02000000000000000000000000000000
AssetImportWorkerClient::OnTransportError - code=2 error=End of file
